<?xml version="1.0" encoding="UTF-8"?>
<testng-results skipped="0" failed="0" ignored="0" total="1" passed="1">
  <reporter-output>
  </reporter-output>
  <suite name="Default suite" duration-ms="41969" started-at="2018-10-03T08:02:09Z" finished-at="2018-10-03T08:02:51Z">
    <groups>
    </groups>
    <test name="Default test" duration-ms="41969" started-at="2018-10-03T08:02:09Z" finished-at="2018-10-03T08:02:51Z">
      <class name="com.qa.tests.TestLogin">
        <test-method status="PASS" signature="setUp()[pri:0, instance:com.qa.tests.TestLogin@4501b7af]" name="setUp" is-config="true" duration-ms="32498" started-at="2018-10-03T08:02:09Z" finished-at="2018-10-03T08:02:42Z">
          <reporter-output>
          </reporter-output>
        </test-method> <!-- setUp -->
        <test-method status="PASS" signature="testLogin()[pri:0, instance:com.qa.tests.TestLogin@4501b7af]" name="testLogin" duration-ms="8387" started-at="2018-10-03T08:02:42Z" finished-at="2018-10-03T08:02:50Z">
          <reporter-output>
          </reporter-output>
        </test-method> <!-- testLogin -->
        <test-method status="PASS" signature="tearDown()[pri:0, instance:com.qa.tests.TestLogin@4501b7af]" name="tearDown" is-config="true" duration-ms="1017" started-at="2018-10-03T08:02:50Z" finished-at="2018-10-03T08:02:51Z">
          <reporter-output>
          </reporter-output>
        </test-method> <!-- tearDown -->
      </class> <!-- com.qa.tests.TestLogin -->
    </test> <!-- Default test -->
  </suite> <!-- Default suite -->
</testng-results>
